# JRE version: Java(TM) SE Runtime Environment (12.0.2+10) (build 12.0.2+10)
# Java VM: Java HotSpot(TM) 64-Bit Server VM (12.0.2+10, mixed mode, sharing, tiered, compressed oops, g1 gc, windows-amd64)
Heap:
 garbage-first heap   total 196608K, used 112289K [0x0000000741800000, 0x0000000800000000)
  region size 1024K, 106 young (108544K), 2 survivors (2048K)
 Metaspace       used 20190K, capacity 20795K, committed 20992K, reserved 1067008K
  class space    used 2509K, capacity 2731K, committed 2816K, reserved 1048576K
GC Heap History (8 events):
Event: 0.586 GC heap before
{Heap before GC invocations=0 (full 0):
 garbage-first heap   total 196608K, used 14336K [0x0000000741800000, 0x0000000800000000)
  region size 1024K, 14 young (14336K), 0 survivors (0K)
 Metaspace       used 2700K, capacity 5649K, committed 5760K, reserved 1056768K
  class space    used 278K, capacity 542K, committed 640K, reserved 1048576K
}
Event: 0.591 GC heap after
{Heap after GC invocations=1 (full 0):
 garbage-first heap   total 196608K, used 5973K [0x0000000741800000, 0x0000000800000000)
  region size 1024K, 2 young (2048K), 2 survivors (2048K)
 Metaspace       used 2700K, capacity 5649K, committed 5760K, reserved 1056768K
  class space    used 278K, capacity 542K, committed 640K, reserved 1048576K
}
Event: 0.696 GC heap before
{Heap before GC invocations=1 (full 0):
 garbage-first heap   total 196608K, used 12117K [0x0000000741800000, 0x0000000800000000)
  region size 1024K, 9 young (9216K), 2 survivors (2048K)
 Metaspace       used 3669K, capacity 6112K, committed 6272K, reserved 1056768K
  class space    used 401K, capacity 634K, committed 640K, reserved 1048576K
}
Event: 0.699 GC heap after
{Heap after GC invocations=2 (full 0):
 garbage-first heap   total 196608K, used 6197K [0x0000000741800000, 0x0000000800000000)
  region size 1024K, 1 young (1024K), 1 survivors (1024K)
 Metaspace       used 3669K, capacity 6112K, committed 6272K, reserved 1056768K
  class space    used 401K, capacity 634K, committed 640K, reserved 1048576K
}
Event: 0.712 GC heap before
{Heap before GC invocations=2 (full 0):
 garbage-first heap   total 196608K, used 30773K [0x0000000741800000, 0x0000000800000000)
  region size 1024K, 26 young (26624K), 1 survivors (1024K)
 Metaspace       used 3669K, capacity 6112K, committed 6272K, reserved 1056768K
  class space    used 401K, capacity 634K, committed 640K, reserved 1048576K
}
Event: 0.713 GC heap after
{Heap after GC invocations=3 (full 0):
 garbage-first heap   total 196608K, used 6237K [0x0000000741800000, 0x0000000800000000)
  region size 1024K, 1 young (1024K), 1 survivors (1024K)
 Metaspace       used 3669K, capacity 6112K, committed 6272K, reserved 1056768K
  class space    used 401K, capacity 634K, committed 640K, reserved 1048576K
}
Event: 1.314 GC heap before
{Heap before GC invocations=3 (full 0):
 garbage-first heap   total 196608K, used 54365K [0x0000000741800000, 0x0000000800000000)
  region size 1024K, 49 young (50176K), 1 survivors (1024K)
 Metaspace       used 10087K, capacity 11023K, committed 11264K, reserved 1058816K
  class space    used 1346K, capacity 1466K, committed 1536K, reserved 1048576K
}
Event: 1.317 GC heap after
{Heap after GC invocations=4 (full 0):
 garbage-first heap   total 196608K, used 7841K [0x0000000741800000, 0x0000000800000000)
  region size 1024K, 2 young (2048K), 2 survivors (2048K)
 Metaspace       used 10087K, capacity 11023K, committed 11264K, reserved 1058816K
  class space    used 1346K, capacity 1466K, committed 1536K, reserved 1048576K
}

